<?xml version="1.0" encoding="UTF-8"?>
<testsuite xmlns:xsi="http://www.w3.org/2001/XMLSchema-instance" xsi:noNamespaceSchemaLocation="https://maven.apache.org/surefire/maven-surefire-plugin/xsd/surefire-test-report.xsd" name="TestSuite" time="9.242" tests="13" errors="0" skipped="0" failures="1">
  <properties>
    <property name="sun.desktop" value="windows"/>
    <property name="awt.toolkit" value="sun.awt.windows.WToolkit"/>
    <property name="file.encoding.pkg" value="sun.io"/>
    <property name="java.specification.version" value="1.8"/>
    <property name="sun.cpu.isalist" value="amd64"/>
    <property name="sun.jnu.encoding" value="Cp1252"/>
    <property name="java.class.path" value="C:\Development\Java\tests\target\test-classes;C:\Development\Java\tests\target\classes;C:\Users\AllInOne\.m2\repository\io\rest-assured\rest-assured\3.0.6\rest-assured-3.0.6.jar;C:\Users\AllInOne\.m2\repository\org\codehaus\groovy\groovy\2.4.12\groovy-2.4.12.jar;C:\Users\AllInOne\.m2\repository\org\codehaus\groovy\groovy-xml\2.4.12\groovy-xml-2.4.12.jar;C:\Users\AllInOne\.m2\repository\org\apache\httpcomponents\httpclient\4.5.3\httpclient-4.5.3.jar;C:\Users\AllInOne\.m2\repository\org\apache\httpcomponents\httpcore\4.4.6\httpcore-4.4.6.jar;C:\Users\AllInOne\.m2\repository\commons-logging\commons-logging\1.2\commons-logging-1.2.jar;C:\Users\AllInOne\.m2\repository\commons-codec\commons-codec\1.9\commons-codec-1.9.jar;C:\Users\AllInOne\.m2\repository\org\apache\httpcomponents\httpmime\4.5.1\httpmime-4.5.1.jar;C:\Users\AllInOne\.m2\repository\org\hamcrest\hamcrest-core\1.3\hamcrest-core-1.3.jar;C:\Users\AllInOne\.m2\repository\org\hamcrest\hamcrest-library\1.3\hamcrest-library-1.3.jar;C:\Users\AllInOne\.m2\repository\org\ccil\cowan\tagsoup\tagsoup\1.2.1\tagsoup-1.2.1.jar;C:\Users\AllInOne\.m2\repository\io\rest-assured\xml-path\3.0.6\xml-path-3.0.6.jar;C:\Users\AllInOne\.m2\repository\org\apache\commons\commons-lang3\3.4\commons-lang3-3.4.jar;C:\Users\AllInOne\.m2\repository\javax\xml\bind\jaxb-api\2.2.12\jaxb-api-2.2.12.jar;C:\Users\AllInOne\.m2\repository\io\rest-assured\json-path\3.0.6\json-path-3.0.6.jar;C:\Users\AllInOne\.m2\repository\org\codehaus\groovy\groovy-json\2.4.12\groovy-json-2.4.12.jar;C:\Users\AllInOne\.m2\repository\io\rest-assured\rest-assured-common\3.0.6\rest-assured-common-3.0.6.jar;C:\Users\AllInOne\.m2\repository\io\rest-assured\json-schema-validator\3.0.6\json-schema-validator-3.0.6.jar;C:\Users\AllInOne\.m2\repository\com\github\fge\json-schema-validator\2.2.6\json-schema-validator-2.2.6.jar;C:\Users\AllInOne\.m2\repository\com\google\code\findbugs\jsr305\3.0.0\jsr305-3.0.0.jar;C:\Users\AllInOne\.m2\repository\joda-time\joda-time\2.3\joda-time-2.3.jar;C:\Users\AllInOne\.m2\repository\com\googlecode\libphonenumber\libphonenumber\6.2\libphonenumber-6.2.jar;C:\Users\AllInOne\.m2\repository\com\github\fge\json-schema-core\1.2.5\json-schema-core-1.2.5.jar;C:\Users\AllInOne\.m2\repository\com\github\fge\uri-template\0.9\uri-template-0.9.jar;C:\Users\AllInOne\.m2\repository\com\github\fge\msg-simple\1.1\msg-simple-1.1.jar;C:\Users\AllInOne\.m2\repository\com\github\fge\btf\1.2\btf-1.2.jar;C:\Users\AllInOne\.m2\repository\com\github\fge\jackson-coreutils\1.8\jackson-coreutils-1.8.jar;C:\Users\AllInOne\.m2\repository\com\fasterxml\jackson\core\jackson-databind\2.2.3\jackson-databind-2.2.3.jar;C:\Users\AllInOne\.m2\repository\com\fasterxml\jackson\core\jackson-annotations\2.2.3\jackson-annotations-2.2.3.jar;C:\Users\AllInOne\.m2\repository\org\mozilla\rhino\1.7R4\rhino-1.7R4.jar;C:\Users\AllInOne\.m2\repository\javax\mail\mailapi\1.4.3\mailapi-1.4.3.jar;C:\Users\AllInOne\.m2\repository\javax\activation\activation\1.1\activation-1.1.jar;C:\Users\AllInOne\.m2\repository\net\sf\jopt-simple\jopt-simple\4.6\jopt-simple-4.6.jar;C:\Users\AllInOne\.m2\repository\com\fasterxml\jackson\core\jackson-core\2.9.8\jackson-core-2.9.8.jar;C:\Users\AllInOne\.m2\repository\io\cucumber\cucumber-java\6.9.1\cucumber-java-6.9.1.jar;C:\Users\AllInOne\.m2\repository\io\cucumber\cucumber-core\6.9.1\cucumber-core-6.9.1.jar;C:\Users\AllInOne\.m2\repository\io\cucumber\cucumber-gherkin\6.9.1\cucumber-gherkin-6.9.1.jar;C:\Users\AllInOne\.m2\repository\io\cucumber\cucumber-gherkin-messages\6.9.1\cucumber-gherkin-messages-6.9.1.jar;C:\Users\AllInOne\.m2\repository\io\cucumber\messages\13.2.1\messages-13.2.1.jar;C:\Users\AllInOne\.m2\repository\io\cucumber\tag-expressions\3.0.0\tag-expressions-3.0.0.jar;C:\Users\AllInOne\.m2\repository\io\cucumber\cucumber-expressions\10.3.0\cucumber-expressions-10.3.0.jar;C:\Users\AllInOne\.m2\repository\io\cucumber\datatable\3.5.0\datatable-3.5.0.jar;C:\Users\AllInOne\.m2\repository\io\cucumber\cucumber-plugin\6.9.1\cucumber-plugin-6.9.1.jar;C:\Users\AllInOne\.m2\repository\io\cucumber\docstring\6.9.1\docstring-6.9.1.jar;C:\Users\AllInOne\.m2\repository\io\cucumber\html-formatter\9.0.0\html-formatter-9.0.0.jar;C:\Users\AllInOne\.m2\repository\io\cucumber\create-meta\2.0.4\create-meta-2.0.4.jar;C:\Users\AllInOne\.m2\repository\org\apiguardian\apiguardian-api\1.1.0\apiguardian-api-1.1.0.jar;C:\Users\AllInOne\.m2\repository\org\testng\testng\7.1.0\testng-7.1.0.jar;C:\Users\AllInOne\.m2\repository\com\beust\jcommander\1.72\jcommander-1.72.jar;C:\Users\AllInOne\.m2\repository\com\google\inject\guice\4.1.0\guice-4.1.0-no_aop.jar;C:\Users\AllInOne\.m2\repository\javax\inject\javax.inject\1\javax.inject-1.jar;C:\Users\AllInOne\.m2\repository\aopalliance\aopalliance\1.0\aopalliance-1.0.jar;C:\Users\AllInOne\.m2\repository\com\google\guava\guava\19.0\guava-19.0.jar;C:\Users\AllInOne\.m2\repository\org\yaml\snakeyaml\1.21\snakeyaml-1.21.jar;C:\Users\AllInOne\.m2\repository\info\cukes\cucumber-junit\1.2.5\cucumber-junit-1.2.5.jar;C:\Users\AllInOne\.m2\repository\info\cukes\cucumber-core\1.2.5\cucumber-core-1.2.5.jar;C:\Users\AllInOne\.m2\repository\info\cukes\cucumber-html\0.2.3\cucumber-html-0.2.3.jar;C:\Users\AllInOne\.m2\repository\info\cukes\cucumber-jvm-deps\1.0.5\cucumber-jvm-deps-1.0.5.jar;C:\Users\AllInOne\.m2\repository\info\cukes\gherkin\2.12.2\gherkin-2.12.2.jar;C:\Users\AllInOne\.m2\repository\info\cukes\cucumber-java\1.2.5\cucumber-java-1.2.5.jar;C:\Users\AllInOne\.m2\repository\junit\junit\4.11\junit-4.11.jar;"/>
    <property name="java.vm.vendor" value="Oracle Corporation"/>
    <property name="sun.arch.data.model" value="64"/>
    <property name="user.variant" value=""/>
    <property name="java.vendor.url" value="http://java.oracle.com/"/>
    <property name="user.timezone" value="Europe/London"/>
    <property name="java.vm.specification.version" value="1.8"/>
    <property name="os.name" value="Windows 10"/>
    <property name="user.country" value="GB"/>
    <property name="sun.java.launcher" value="SUN_STANDARD"/>
    <property name="sun.boot.library.path" value="C:\Program Files\Java\jdk1.8.0_202\jre\bin"/>
    <property name="sun.java.command" value="C:\Users\AllInOne\AppData\Local\Temp\surefire8240688540743817689\surefirebooter4943479961438827013.jar C:\Users\AllInOne\AppData\Local\Temp\surefire8240688540743817689 2021-06-26T11-08-40_892-jvmRun1 surefire6619618443429255791tmp surefire_01090905691801257414tmp"/>
    <property name="surefire.test.class.path" value="C:\Development\Java\tests\target\test-classes;C:\Development\Java\tests\target\classes;C:\Users\AllInOne\.m2\repository\io\rest-assured\rest-assured\3.0.6\rest-assured-3.0.6.jar;C:\Users\AllInOne\.m2\repository\org\codehaus\groovy\groovy\2.4.12\groovy-2.4.12.jar;C:\Users\AllInOne\.m2\repository\org\codehaus\groovy\groovy-xml\2.4.12\groovy-xml-2.4.12.jar;C:\Users\AllInOne\.m2\repository\org\apache\httpcomponents\httpclient\4.5.3\httpclient-4.5.3.jar;C:\Users\AllInOne\.m2\repository\org\apache\httpcomponents\httpcore\4.4.6\httpcore-4.4.6.jar;C:\Users\AllInOne\.m2\repository\commons-logging\commons-logging\1.2\commons-logging-1.2.jar;C:\Users\AllInOne\.m2\repository\commons-codec\commons-codec\1.9\commons-codec-1.9.jar;C:\Users\AllInOne\.m2\repository\org\apache\httpcomponents\httpmime\4.5.1\httpmime-4.5.1.jar;C:\Users\AllInOne\.m2\repository\org\hamcrest\hamcrest-core\1.3\hamcrest-core-1.3.jar;C:\Users\AllInOne\.m2\repository\org\hamcrest\hamcrest-library\1.3\hamcrest-library-1.3.jar;C:\Users\AllInOne\.m2\repository\org\ccil\cowan\tagsoup\tagsoup\1.2.1\tagsoup-1.2.1.jar;C:\Users\AllInOne\.m2\repository\io\rest-assured\xml-path\3.0.6\xml-path-3.0.6.jar;C:\Users\AllInOne\.m2\repository\org\apache\commons\commons-lang3\3.4\commons-lang3-3.4.jar;C:\Users\AllInOne\.m2\repository\javax\xml\bind\jaxb-api\2.2.12\jaxb-api-2.2.12.jar;C:\Users\AllInOne\.m2\repository\io\rest-assured\json-path\3.0.6\json-path-3.0.6.jar;C:\Users\AllInOne\.m2\repository\org\codehaus\groovy\groovy-json\2.4.12\groovy-json-2.4.12.jar;C:\Users\AllInOne\.m2\repository\io\rest-assured\rest-assured-common\3.0.6\rest-assured-common-3.0.6.jar;C:\Users\AllInOne\.m2\repository\io\rest-assured\json-schema-validator\3.0.6\json-schema-validator-3.0.6.jar;C:\Users\AllInOne\.m2\repository\com\github\fge\json-schema-validator\2.2.6\json-schema-validator-2.2.6.jar;C:\Users\AllInOne\.m2\repository\com\google\code\findbugs\jsr305\3.0.0\jsr305-3.0.0.jar;C:\Users\AllInOne\.m2\repository\joda-time\joda-time\2.3\joda-time-2.3.jar;C:\Users\AllInOne\.m2\repository\com\googlecode\libphonenumber\libphonenumber\6.2\libphonenumber-6.2.jar;C:\Users\AllInOne\.m2\repository\com\github\fge\json-schema-core\1.2.5\json-schema-core-1.2.5.jar;C:\Users\AllInOne\.m2\repository\com\github\fge\uri-template\0.9\uri-template-0.9.jar;C:\Users\AllInOne\.m2\repository\com\github\fge\msg-simple\1.1\msg-simple-1.1.jar;C:\Users\AllInOne\.m2\repository\com\github\fge\btf\1.2\btf-1.2.jar;C:\Users\AllInOne\.m2\repository\com\github\fge\jackson-coreutils\1.8\jackson-coreutils-1.8.jar;C:\Users\AllInOne\.m2\repository\com\fasterxml\jackson\core\jackson-databind\2.2.3\jackson-databind-2.2.3.jar;C:\Users\AllInOne\.m2\repository\com\fasterxml\jackson\core\jackson-annotations\2.2.3\jackson-annotations-2.2.3.jar;C:\Users\AllInOne\.m2\repository\org\mozilla\rhino\1.7R4\rhino-1.7R4.jar;C:\Users\AllInOne\.m2\repository\javax\mail\mailapi\1.4.3\mailapi-1.4.3.jar;C:\Users\AllInOne\.m2\repository\javax\activation\activation\1.1\activation-1.1.jar;C:\Users\AllInOne\.m2\repository\net\sf\jopt-simple\jopt-simple\4.6\jopt-simple-4.6.jar;C:\Users\AllInOne\.m2\repository\com\fasterxml\jackson\core\jackson-core\2.9.8\jackson-core-2.9.8.jar;C:\Users\AllInOne\.m2\repository\io\cucumber\cucumber-java\6.9.1\cucumber-java-6.9.1.jar;C:\Users\AllInOne\.m2\repository\io\cucumber\cucumber-core\6.9.1\cucumber-core-6.9.1.jar;C:\Users\AllInOne\.m2\repository\io\cucumber\cucumber-gherkin\6.9.1\cucumber-gherkin-6.9.1.jar;C:\Users\AllInOne\.m2\repository\io\cucumber\cucumber-gherkin-messages\6.9.1\cucumber-gherkin-messages-6.9.1.jar;C:\Users\AllInOne\.m2\repository\io\cucumber\messages\13.2.1\messages-13.2.1.jar;C:\Users\AllInOne\.m2\repository\io\cucumber\tag-expressions\3.0.0\tag-expressions-3.0.0.jar;C:\Users\AllInOne\.m2\repository\io\cucumber\cucumber-expressions\10.3.0\cucumber-expressions-10.3.0.jar;C:\Users\AllInOne\.m2\repository\io\cucumber\datatable\3.5.0\datatable-3.5.0.jar;C:\Users\AllInOne\.m2\repository\io\cucumber\cucumber-plugin\6.9.1\cucumber-plugin-6.9.1.jar;C:\Users\AllInOne\.m2\repository\io\cucumber\docstring\6.9.1\docstring-6.9.1.jar;C:\Users\AllInOne\.m2\repository\io\cucumber\html-formatter\9.0.0\html-formatter-9.0.0.jar;C:\Users\AllInOne\.m2\repository\io\cucumber\create-meta\2.0.4\create-meta-2.0.4.jar;C:\Users\AllInOne\.m2\repository\org\apiguardian\apiguardian-api\1.1.0\apiguardian-api-1.1.0.jar;C:\Users\AllInOne\.m2\repository\org\testng\testng\7.1.0\testng-7.1.0.jar;C:\Users\AllInOne\.m2\repository\com\beust\jcommander\1.72\jcommander-1.72.jar;C:\Users\AllInOne\.m2\repository\com\google\inject\guice\4.1.0\guice-4.1.0-no_aop.jar;C:\Users\AllInOne\.m2\repository\javax\inject\javax.inject\1\javax.inject-1.jar;C:\Users\AllInOne\.m2\repository\aopalliance\aopalliance\1.0\aopalliance-1.0.jar;C:\Users\AllInOne\.m2\repository\com\google\guava\guava\19.0\guava-19.0.jar;C:\Users\AllInOne\.m2\repository\org\yaml\snakeyaml\1.21\snakeyaml-1.21.jar;C:\Users\AllInOne\.m2\repository\info\cukes\cucumber-junit\1.2.5\cucumber-junit-1.2.5.jar;C:\Users\AllInOne\.m2\repository\info\cukes\cucumber-core\1.2.5\cucumber-core-1.2.5.jar;C:\Users\AllInOne\.m2\repository\info\cukes\cucumber-html\0.2.3\cucumber-html-0.2.3.jar;C:\Users\AllInOne\.m2\repository\info\cukes\cucumber-jvm-deps\1.0.5\cucumber-jvm-deps-1.0.5.jar;C:\Users\AllInOne\.m2\repository\info\cukes\gherkin\2.12.2\gherkin-2.12.2.jar;C:\Users\AllInOne\.m2\repository\info\cukes\cucumber-java\1.2.5\cucumber-java-1.2.5.jar;C:\Users\AllInOne\.m2\repository\junit\junit\4.11\junit-4.11.jar;"/>
    <property name="sun.cpu.endian" value="little"/>
    <property name="user.home" value="C:\Users\AllInOne"/>
    <property name="user.language" value="en"/>
    <property name="java.specification.vendor" value="Oracle Corporation"/>
    <property name="java.home" value="C:\Program Files\Java\jdk1.8.0_202\jre"/>
    <property name="basedir" value="C:\Development\Java\tests"/>
    <property name="file.separator" value="\"/>
    <property name="line.separator" value="&#10;"/>
    <property name="java.vm.specification.vendor" value="Oracle Corporation"/>
    <property name="java.specification.name" value="Java Platform API Specification"/>
    <property name="java.awt.graphicsenv" value="sun.awt.Win32GraphicsEnvironment"/>
    <property name="surefire.real.class.path" value="C:\Users\AllInOne\AppData\Local\Temp\surefire8240688540743817689\surefirebooter4943479961438827013.jar"/>
    <property name="sun.boot.class.path" value="C:\Program Files\Java\jdk1.8.0_202\jre\lib\resources.jar;C:\Program Files\Java\jdk1.8.0_202\jre\lib\rt.jar;C:\Program Files\Java\jdk1.8.0_202\jre\lib\sunrsasign.jar;C:\Program Files\Java\jdk1.8.0_202\jre\lib\jsse.jar;C:\Program Files\Java\jdk1.8.0_202\jre\lib\jce.jar;C:\Program Files\Java\jdk1.8.0_202\jre\lib\charsets.jar;C:\Program Files\Java\jdk1.8.0_202\jre\lib\jfr.jar;C:\Program Files\Java\jdk1.8.0_202\jre\classes"/>
    <property name="user.script" value=""/>
    <property name="sun.management.compiler" value="HotSpot 64-Bit Tiered Compilers"/>
    <property name="java.runtime.version" value="1.8.0_202-b08"/>
    <property name="user.name" value="AllInOne"/>
    <property name="path.separator" value=";"/>
    <property name="os.version" value="10.0"/>
    <property name="java.endorsed.dirs" value="C:\Program Files\Java\jdk1.8.0_202\jre\lib\endorsed"/>
    <property name="java.runtime.name" value="Java(TM) SE Runtime Environment"/>
    <property name="file.encoding" value="Cp1252"/>
    <property name="java.vm.name" value="Java HotSpot(TM) 64-Bit Server VM"/>
    <property name="localRepository" value="C:\Users\AllInOne\.m2\repository"/>
    <property name="java.vendor.url.bug" value="http://bugreport.sun.com/bugreport/"/>
    <property name="java.io.tmpdir" value="C:\Users\AllInOne\AppData\Local\Temp\"/>
    <property name="java.version" value="1.8.0_202"/>
    <property name="user.dir" value="C:\Development\Java\tests"/>
    <property name="os.arch" value="amd64"/>
    <property name="java.vm.specification.name" value="Java Virtual Machine Specification"/>
    <property name="java.awt.printerjob" value="sun.awt.windows.WPrinterJob"/>
    <property name="sun.os.patch.level" value=""/>
    <property name="java.library.path" value="C:\Program Files\Java\jdk1.8.0_202\jre\bin;C:\WINDOWS\Sun\Java\bin;C:\WINDOWS\system32;C:\WINDOWS;C:\Program Files\Java\jdk1.8.0_202\bin;C:\apache-maven-3.5.2\bin;C:\Program Files\Common Files\Oracle\Java\javapath;C:\Program Files (x86)\Common Files\Intel\Shared Libraries\redist\intel64\compiler;C:\Program Files (x86)\Common Files\Oracle\Java\javapath;C:\Program Files (x86)\AMD APP\bin\x86_64;C:\Program Files (x86)\AMD APP\bin\x86;C:\WINDOWS\system32;C:\WINDOWS;C:\WINDOWS\System32\Wbem;C:\WINDOWS\System32\WindowsPowerShell\v1.0\;C:\Program Files\Intel\WiFi\bin\;C:\Program Files\Common Files\Intel\WirelessCommon\;C:\Program Files (x86)\Lenovo\Password Manager\;C:\Program Files\Microsoft SQL Server\130\Tools\Binn\;C:\Program Files\dotnet\;C:\Users\AllInOne\AppData\Local\Programs\Python\Python36;C:\Program Files (x86)\GtkSharp\2.12\bin;C:\Program Files\Java\apache-maven-3.5.2\bin;C:\Program Files (x86)\Brackets\command;C:\Program Files\Git\cmd;C:\Program Files (x86)\Yarn\bin\;C:\Program Files (x86)\Common Files\Acronis\VirtualFile\;C:\Program Files (x86)\Common Files\Acronis\VirtualFile64\;C:\Program Files (x86)\Common Files\Acronis\SnapAPI\;C:\Program Files (x86)\AOMEI Backupper;C:\Program Files (x86)\dotnet\;C:\Program Files\Microsoft SQL Server\Client SDK\ODBC\170\Tools\Binn\;C:\WINDOWS\System32\OpenSSH\;C:\Users\AllInOne\AppData\Roaming\nvm;C:\Program Files\nodejs;C:\Program Files (x86)\Common Files\Propellerhead Software\ReWire\;C:\Program Files\Common Files\Propellerhead Software\ReWire\;C:\Program Files\TortoiseGit\bin;C:\Program Files\Java\jdk1.8.0_202\bin;C:\apache-maven-3.5.2\bin;C:\Program Files\Intel\WiFi\bin\;C:\Program Files\Common Files\Intel\WirelessCommon\;C:\Program Files (x86)\Microsoft VS Code\bin;C:\Users\AllInOne\AppData\Roaming\npm;C:\Users\AllInOne\AppData\Local\Yarn\bin;C:\Program Files\Java\jdk1.8.0_131\bin;C:\Users\AllInOne\AppData\Local\Microsoft\WindowsApps;C:\Users\AllInOne\AppData\Roaming\nvm;C:\Program Files\nodejs;C:\Users\AllInOne\AppData\Local\Android\Sdk\platform-tools;C:\Program Files\JetBrains\IntelliJ IDEA 2019.3.5\bin;;;."/>
    <property name="java.vm.info" value="mixed mode"/>
    <property name="java.vendor" value="Oracle Corporation"/>
    <property name="java.vm.version" value="25.202-b08"/>
    <property name="java.ext.dirs" value="C:\Program Files\Java\jdk1.8.0_202\jre\lib\ext;C:\WINDOWS\Sun\Java\lib\ext"/>
    <property name="sun.io.unicode.encoding" value="UnicodeLittle"/>
    <property name="java.class.version" value="52.0"/>
  </properties>
  <testcase name="verify_that_top_level_fields_can_be_filtered_by_queryparms on verify_that_top_level_fields_can_be_filtered_by_queryparms(cityBikes.CityBikeTests)" classname="cityBikes.CityBikeTests" time="5.091"/>
  <testcase name="baseUriReturnsSuccess on baseUriReturnsSuccess(cityBikes.CityBikeTests)" classname="cityBikes.CityBikeTests" time="0"/>
  <testcase name="verify_that_frankfurt_is_in_germany on verify_that_frankfurt_is_in_germany(cityBikes.CityBikeTests)" classname="cityBikes.CityBikeTests" time="0.37"/>
  <testcase name="verify_that_invalid_id_returns_not_found on verify_that_invalid_id_returns_not_found(cityBikes.CityBikeTests)" classname="cityBikes.CityBikeTests" time="0.058"/>
  <testcase name="getOrdersInventory on getOrdersInventory(pets.PetsTest)" classname="pets.PetsTest" time="0.681">
    <failure message="&#10;Expected: is &lt;200&gt;&#10;     but: was &lt;404&gt;" type="java.lang.AssertionError"><![CDATA[java.lang.AssertionError: 

Expected: is <200>
     but: was <404>
	at pets.PetsTest.getOrdersInventory(PetsTest.java:43)
]]></failure>
    <system-out><![CDATA[{
    "code": 1,
    "type": "error",
    "message": "Order not found"
}
]]></system-out>
  </testcase>
  <testcase name="getStoreInventory on getStoreInventory(pets.PetsTest)" classname="pets.PetsTest" time="0.537"/>
  <testcase name="getPostById on getPostById(posts.PostTests)" classname="posts.PostTests" time="0.17"/>
  <testcase name="it_creates_penny_coin_with_correct_name_and_value on it_creates_penny_coin_with_correct_name_and_value(vendingMachine.CoinFactoryTests)" classname="vendingMachine.CoinFactoryTests" time="0.002"/>
  <testcase name="it_creates_dime_coin_with_correct_name_and_value on it_creates_dime_coin_with_correct_name_and_value(vendingMachine.CoinFactoryTests)" classname="vendingMachine.CoinFactoryTests" time="0"/>
  <testcase name="it_creates_nickel_coin_with_correct_name_and_value on it_creates_nickel_coin_with_correct_name_and_value(vendingMachine.CoinFactoryTests)" classname="vendingMachine.CoinFactoryTests" time="0"/>
  <testcase name="verify_createCoke_creates_coke_product on verify_createCoke_creates_coke_product(vendingMachine.ProductFactoryTests)" classname="vendingMachine.ProductFactoryTests" time="0.001"/>
  <testcase name="verify_createPepsi_creates_pepsi_product on verify_createPepsi_creates_pepsi_product(vendingMachine.ProductFactoryTests)" classname="vendingMachine.ProductFactoryTests" time="0"/>
  <testcase name="verify_createSoda_creates_soda_product on verify_createSoda_creates_soda_product(vendingMachine.ProductFactoryTests)" classname="vendingMachine.ProductFactoryTests" time="0"/>
</testsuite>