<?xml version="1.0" encoding="UTF-8"?>
<!-- Generated by org.testng.reporters.JUnitReportReporter -->
<testsuite skipped="0" hostname="AllInOne-PC" name="vendingMachine.CoinFactoryTests" tests="3" failures="0" timestamp="2021-06-26T11:08:52 BST" time="0.010" errors="0">
  <testcase name="it_creates_dime_coin_with_correct_name_and_value" time="0.003" classname="vendingMachine.CoinFactoryTests"/>
  <system-out/>
  <testcase name="it_creates_nickel_coin_with_correct_name_and_value" time="0.003" classname="vendingMachine.CoinFactoryTests"/>
  <system-out/>
  <testcase name="it_creates_penny_coin_with_correct_name_and_value" time="0.004" classname="vendingMachine.CoinFactoryTests"/>
  <system-out/>
</testsuite> <!-- vendingMachine.CoinFactoryTests -->
