<?xml version="1.0" encoding="UTF-8"?>
<!-- Generated by org.testng.reporters.JUnitReportReporter -->
<testsuite skipped="0" hostname="AllInOne-PC" name="posts.PostTests" tests="1" failures="0" timestamp="2021-06-26T11:08:52 BST" time="0.173" errors="0">
  <testcase name="getPostById" time="0.173" classname="posts.PostTests"/>
  <system-out/>
</testsuite> <!-- posts.PostTests -->
