<?xml version="1.0" encoding="UTF-8"?>
<!-- Generated by org.testng.reporters.JUnitReportReporter -->
<testsuite skipped="0" hostname="AllInOne-PC" name="cityBikes.CityBikeTests" tests="4" failures="0" timestamp="2021-06-26T11:08:52 BST" time="21.462" errors="0">
  <testcase name="verify_that_frankfurt_is_in_germany" time="6.202" classname="cityBikes.CityBikeTests"/>
  <system-out/>
  <testcase name="verify_that_invalid_id_returns_not_found" time="6.258" classname="cityBikes.CityBikeTests"/>
  <system-out/>
  <testcase name="baseUriReturnsSuccess" time="4.668" classname="cityBikes.CityBikeTests"/>
  <system-out/>
  <testcase name="verify_that_top_level_fields_can_be_filtered_by_queryparms" time="4.334" classname="cityBikes.CityBikeTests"/>
  <system-out/>
</testsuite> <!-- cityBikes.CityBikeTests -->
