<?xml version="1.0" encoding="UTF-8"?>
<!-- Generated by org.testng.reporters.JUnitReportReporter -->
<testsuite skipped="0" hostname="AllInOne-PC" name="vendingMachine.ProductFactoryTests" tests="3" failures="0" timestamp="2021-06-26T11:08:52 BST" time="0.006" errors="0">
  <testcase name="verify_createSoda_creates_soda_product" time="0.002" classname="vendingMachine.ProductFactoryTests"/>
  <system-out/>
  <testcase name="verify_createCoke_creates_coke_product" time="0.002" classname="vendingMachine.ProductFactoryTests"/>
  <system-out/>
  <testcase name="verify_createPepsi_creates_pepsi_product" time="0.002" classname="vendingMachine.ProductFactoryTests"/>
  <system-out/>
</testsuite> <!-- vendingMachine.ProductFactoryTests -->
